C51 COMPILER V9.60.0.0   ADC_8051_INTERFACING                                              10/07/2019 13:39:02 PAGE 1   


C51 COMPILER V9.60.0.0, COMPILATION OF MODULE ADC_8051_INTERFACING
OBJECT MODULE PLACED IN .\Objects\ADC_8051_Interfacing.obj
COMPILER INVOKED BY: C:\Keil_v5\C51\BIN\C51.EXE ..\Codes\ADC_8051_Interfacing.c OPTIMIZE(8,SPEED) BROWSE DEBUG OBJECTEXT
                    -END PRINT(.\Listings\ADC_8051_Interfacing.lst) TABS(2) OBJECT(.\Objects\ADC_8051_Interfacing.obj)

line level    source

   1          // ADC IC TLV1543 Interfacing with 8051
   2          
   3          #include <at89c5131.h>
   4          #include "LCDControl.h"
   5          #include "TLV1543_Header.h"
   6          
   7          char adc_ip_data_ascii[6]={0,0,0,0,0,'\0'};
   8          char display_msg1[]="ADC channel-";
   9          char display_msg2[]=" mV";
  10          
  11          void main(void)
  12          {
  13   1        unsigned int  j = 0;
  14   1        char cMSB[] = {'0', '\0'};
  15   1        char cLSB[] = {'0', '\0'};
  16   1        unsigned int adc_data=0;
  17   1        unsigned int dac_data=0;
  18   1        
  19   1        spi_init();
  20   1        adc_init();
  21   1        lcd_init();
  22   1        
  23   1        while(1)
  24   1        {
  25   2          msdelay(2000);
  26   2          adc_data = adc(j);
  27   2          
  28   2          adc_data = (unsigned int)(3.225806452*adc_data);  //Convert to milli volt (3.3*1000*(input)/1023)
  29   2          int_to_string(adc_data,adc_ip_data_ascii);
  30   2          
  31   2          cMSB[0] = (j/10)+48;
  32   2          cLSB[0] = (j%10)+48;
  33   2          lcd_cmd(0x80);
  34   2          lcd_write_string(display_msg1);
  35   2          lcd_write_string(cMSB);
  36   2          lcd_write_string(cLSB);
  37   2        
  38   2          lcd_cmd(0xC0);
  39   2          lcd_write_string(adc_ip_data_ascii);
  40   2          lcd_write_string(display_msg2);
  41   2          
  42   2          switch (j)
  43   2          {
  44   3            case 0:   j = 2;  break;
  45   3            case 2:   j = 4;  break;
  46   3            case 4:   j = 6;  break;
  47   3            case 6:   j = 7;  break;
  48   3            case 7:   j = 9;  break;
  49   3            case 9:   j = 11; break;
  50   3            case 11:  j = 12; break;
  51   3            case 12:  j = 13; break;
  52   3            case 13:  j = 2;  break;
  53   3          }
  54   2        }
C51 COMPILER V9.60.0.0   ADC_8051_INTERFACING                                              10/07/2019 13:39:02 PAGE 2   

  55   1      }


MODULE INFORMATION:   STATIC OVERLAYABLE
   CODE SIZE        =    781    ----
   CONSTANT SIZE    =      4    ----
   XDATA SIZE       =   ----    ----
   PDATA SIZE       =   ----    ----
   DATA SIZE        =     24      18
   IDATA SIZE       =   ----    ----
   BIT SIZE         =      1    ----
END OF MODULE INFORMATION.


C51 COMPILATION COMPLETE.  0 WARNING(S),  0 ERROR(S)
