C51 COMPILER V9.60.0.0   DAC_TRIANGLEWAVE                                                  11/02/2019 15:34:51 PAGE 1   


C51 COMPILER V9.60.0.0, COMPILATION OF MODULE DAC_TRIANGLEWAVE
OBJECT MODULE PLACED IN .\Objects\DAC_TriangleWave.obj
COMPILER INVOKED BY: C:\Keil_v5\C51\BIN\C51.EXE ..\Codes\Q3\DAC_TriangleWave.c OPTIMIZE(8,SPEED) BROWSE DEBUG OBJECTEXTE
                    -ND PRINT(.\Listings\DAC_TriangleWave.lst) TABS(2) OBJECT(.\Objects\DAC_TriangleWave.obj)

line level    source

   1          // Quiz 3 Part 1
   2          
   3          #include <at89c5131.h>
   4          #include "TLV1543_Header.h"                             
   5          #include "TLV5616_Header.h"             
   6          #include "filters.h"                                
   7          
   8          void msdelay(unsigned int);
   9          
  10          void main(void)
  11          {
  12   1        unsigned int adc_data=0, dac_data=0;
  13   1        
  14   1        unsigned int value = 0;
  15   1        bit dir = 0;
  16   1      
  17   1        spi_init();
  18   1        adc_init();
  19   1        dac_init();
  20   1        
  21   1        //lcd_init();
  22   1            
  23   1          while(1)
  24   1            {
  25   2              msdelay(7);
  26   2              if(dir == 0)
  27   2                value = value + 5;
  28   2              else
  29   2                value = value - 5;
  30   2              dac(value);
  31   2              if(value <= 5 || value >= 0xF000)
  32   2                dir = 0;
  33   2              else if(value >= 0x0FFF)
  34   2                dir = 1;
  35   2            }
  36   1      }
  37          
  38          void msdelay(unsigned int time)
  39          {
  40   1        int i, j;
  41   1        for(i=0; i<time; i++)
  42   1        {
  43   2          for(j=0;j<382;j++);
  44   2        }
  45   1      }


MODULE INFORMATION:   STATIC OVERLAYABLE
   CODE SIZE        =    356    ----
   CONSTANT SIZE    =   ----    ----
   XDATA SIZE       =   ----    ----
   PDATA SIZE       =   ----    ----
   DATA SIZE        =     25       6
   IDATA SIZE       =   ----    ----
C51 COMPILER V9.60.0.0   DAC_TRIANGLEWAVE                                                  11/02/2019 15:34:51 PAGE 2   

   BIT SIZE         =      1       1
END OF MODULE INFORMATION.


C51 COMPILATION COMPLETE.  0 WARNING(S),  0 ERROR(S)
