C51 COMPILER V9.60.0.0   P8A_MAIN                                                          10/15/2019 15:33:57 PAGE 1   


C51 COMPILER V9.60.0.0, COMPILATION OF MODULE P8A_MAIN
OBJECT MODULE PLACED IN .\Objects\P8a_Main.obj
COMPILER INVOKED BY: C:\Keil_v5\C51\BIN\C51.EXE ..\Codes\P8\P8a_Main.c OPTIMIZE(8,SPEED) BROWSE DEBUG OBJECTEXTEND PRINT
                    -(.\Listings\P8a_Main.lst) TABS(2) OBJECT(.\Objects\P8a_Main.obj)

line level    source

   1          #include <at89c5131.h>
   2          //#include "lcd.h"                                  
   3          #include "TLV1543_Header.h"                             
   4          #include "TLV5616_Header.h"             
   5          #include "filters.h"                                
   6          
   7          void msdelay(unsigned int);
   8          
   9          void main(void)
  10          {
  11   1        unsigned int adc_data=0,dac_data=0;
  12   1        
  13   1        unsigned int value = 0;
  14   1        bit dir = 0;
  15   1      
  16   1        spi_init();
  17   1        adc_init();
  18   1        dac_init();
  19   1        
  20   1        //lcd_init();
  21   1            
  22   1          while(1)
  23   1            {
  24   2              msdelay(7);
  25   2              if(dir == 0)
  26   2                value = value + 5;
  27   2              else
  28   2                value = value - 5;
  29   2              dac(value);
  30   2              if(value <= 5 || value >= 0xF000)
  31   2                dir = 0;
  32   2              else if(value >= 0x0FFF)
  33   2                dir = 1;
  34   2            }
  35   1      }
  36          
  37          void msdelay(unsigned int time)
  38          {
  39   1        int i, j;
  40   1        for(i=0;i<time;i++)
  41   1        {
  42   2          for(j=0;j<382;j++);
  43   2        }
  44   1      }


MODULE INFORMATION:   STATIC OVERLAYABLE
   CODE SIZE        =    334    ----
   CONSTANT SIZE    =   ----    ----
   XDATA SIZE       =   ----    ----
   PDATA SIZE       =   ----    ----
   DATA SIZE        =     25       6
   IDATA SIZE       =   ----    ----
   BIT SIZE         =      1       1
C51 COMPILER V9.60.0.0   P8A_MAIN                                                          10/15/2019 15:33:57 PAGE 2   

END OF MODULE INFORMATION.


C51 COMPILATION COMPLETE.  0 WARNING(S),  0 ERROR(S)
