C51 COMPILER V9.60.0.0   P8B_MAIN                                                          10/15/2019 16:56:26 PAGE 1   


C51 COMPILER V9.60.0.0, COMPILATION OF MODULE P8B_MAIN
OBJECT MODULE PLACED IN .\Objects\P8b_Main.obj
COMPILER INVOKED BY: C:\Keil_v5\C51\BIN\C51.EXE ..\Codes\P8\P8b_Main.c OPTIMIZE(8,SPEED) BROWSE DEBUG OBJECTEXTEND PRINT
                    -(.\Listings\P8b_Main.lst) TABS(2) OBJECT(.\Objects\P8b_Main.obj)

line level    source

   1          #include <at89c5131.h>
   2          #include "LCDControl.h"                                 
   3          #include "TLV1543_Header.h"                             
   4          #include "TLV5616_Header.h"                             
   5          #include "filters.h"                                
   6          
   7          char adc_ip_data_ascii[6]={0,0,0,0,0,'\0'};
   8          
   9          // void msdelay(unsigned int);
  10          
  11          void main(void)
  12          {
  13   1        unsigned int adc_data=0,dac_data=0;
  14   1        unsigned int value = 0;
  15   1        bit dir = 0;
  16   1      
  17   1        spi_init();
  18   1        adc_init();
  19   1        dac_init();
  20   1        
  21   1        //lcd_init();
  22   1      
  23   1      /*  
  24   1          while(1)
  25   1            {
  26   1              msdelay(7);
  27   1              if(dir == 0)
  28   1                value = value + 5;
  29   1              else
  30   1                value = value - 5;
  31   1              dac(value);
  32   1              if(value <= 5 || value >= 0xF000)
  33   1                dir = 0;
  34   1              else if(value >= 0x0FFF)
  35   1                dir = 1;
  36   1            }
  37   1      */  
  38   1      
  39   1        while(1)
  40   1        {
  41   2          adc_data  = adc(0);
  42   2          dac_data  = adc_data<<2;
  43   2          
  44   2          // dac_data = moving_avg(dac_data);
  45   2          dac(dac_data);
  46   2        }
  47   1      }
  48          /*
  49          void msdelay(unsigned int time)
  50          {
  51            int i, j;
  52            for(i=0;i<time;i++)
  53            {
  54              for(j=0;j<382;j++);
C51 COMPILER V9.60.0.0   P8B_MAIN                                                          10/15/2019 16:56:26 PAGE 2   

  55            }
  56          }
  57          */


MODULE INFORMATION:   STATIC OVERLAYABLE
   CODE SIZE        =    605    ----
   CONSTANT SIZE    =   ----    ----
   XDATA SIZE       =   ----    ----
   PDATA SIZE       =   ----    ----
   DATA SIZE        =     31      12
   IDATA SIZE       =   ----    ----
   BIT SIZE         =      1       1
END OF MODULE INFORMATION.


C51 COMPILATION COMPLETE.  0 WARNING(S),  0 ERROR(S)
